<?xml version="1.0" encoding="UTF-8"?>
<!-- Generated by org.testng.reporters.JUnitXMLReporter -->
<testsuite hostname="DESKTOP-84KGOP9" ignored="0" name="Facebook Sign In Test" tests="3" failures="1" timestamp="18 Jan 2019 13:39:32 GMT" time="112.327" errors="0">
  <testcase name="facebookLogin" time="68.747" classname="com.pge.hybrid.testcases.facebooksuite.FacebookTest">
    <failure type="java.lang.reflect.InvocationTargetException">
      <![CDATA[java.lang.reflect.InvocationTargetException
at com.pge.hybrid.driver.DriverScript.executeKeywords(DriverScript.java:47)
at com.pge.hybrid.testcases.facebooksuite.FacebookTest.facebookLogin(FacebookTest.java:24)
at java.util.concurrent.FutureTask.run(FutureTask.java:266)
at java.util.concurrent.ThreadPoolExecutor.runWorker(ThreadPoolExecutor.java:1149)
at java.util.concurrent.ThreadPoolExecutor$Worker.run(ThreadPoolExecutor.java:624)
at java.lang.Thread.run(Thread.java:748)
Caused by: java.lang.AssertionError: The following asserts failed:
Object Not Found photo_vid_xpath
at com.pge.hybrid.keywords.GenericKeywords.reportFailure(GenericKeywords.java:373)
at com.pge.hybrid.keywords.GenericKeywords.getObject(GenericKeywords.java:306)
at com.pge.hybrid.keywords.GenericKeywords.click(GenericKeywords.java:149)
... 26 more
... Removed 21 stack frames]]>
    </failure>
  </testcase> <!-- facebookLogin -->
  <testcase name="facebookLogin" time="0.0" classname="com.pge.hybrid.testcases.facebooksuite.FacebookTest">
    <skipped/>
  </testcase> <!-- facebookLogin -->
  <testcase name="AppScanSite" time="36.851" classname="com.pge.hybrid.testcases.facebooksuite.FacebookTest"/>
</testsuite> <!-- Facebook Sign In Test -->
