<?xml version="1.0" encoding="UTF-8"?>
<!-- Generated by org.testng.reporters.JUnitReportReporter -->
<testsuite skipped="1" hostname="DESKTOP-84KGOP9" name="com.pge.hybrid.testcases.facebooksuite.FacebookTest" tests="3" failures="0" timestamp="18 Jan 2019 13:39:32 GMT" time="107.869" errors="1">
  <testcase name="facebookLogin" time="1.196" classname="com.pge.hybrid.testcases.facebooksuite.FacebookTest">
    <skipped/>
  </testcase> <!-- facebookLogin -->
  <testcase name="facebookLogin" time="69.317" classname="com.pge.hybrid.testcases.facebooksuite.FacebookTest">
    <error type="java.lang.reflect.InvocationTargetException">
      <![CDATA[java.lang.reflect.InvocationTargetException
at sun.reflect.NativeMethodAccessorImpl.invoke0(Native Method)
at sun.reflect.NativeMethodAccessorImpl.invoke(NativeMethodAccessorImpl.java:62)
at sun.reflect.DelegatingMethodAccessorImpl.invoke(DelegatingMethodAccessorImpl.java:43)
at java.lang.reflect.Method.invoke(Method.java:498)
at com.pge.hybrid.driver.DriverScript.executeKeywords(DriverScript.java:47)
at com.pge.hybrid.testcases.facebooksuite.FacebookTest.facebookLogin(FacebookTest.java:24)
at sun.reflect.NativeMethodAccessorImpl.invoke0(Native Method)
at sun.reflect.NativeMethodAccessorImpl.invoke(NativeMethodAccessorImpl.java:62)
at sun.reflect.DelegatingMethodAccessorImpl.invoke(DelegatingMethodAccessorImpl.java:43)
at java.lang.reflect.Method.invoke(Method.java:498)
at org.testng.internal.MethodInvocationHelper.invokeMethod(MethodInvocationHelper.java:124)
at org.testng.internal.Invoker.invokeMethod(Invoker.java:583)
at org.testng.internal.Invoker.invokeTestMethod(Invoker.java:719)
at org.testng.internal.Invoker.invokeTestMethods(Invoker.java:989)
at org.testng.internal.TestMethodWorker.invokeTestMethods(TestMethodWorker.java:125)
at org.testng.internal.TestMethodWorker.run(TestMethodWorker.java:109)
at org.testng.TestRunner.privateRun(TestRunner.java:648)
at org.testng.TestRunner.run(TestRunner.java:505)
at org.testng.SuiteRunner.runTest(SuiteRunner.java:455)
at org.testng.SuiteRunner.access$000(SuiteRunner.java:40)
at org.testng.SuiteRunner$SuiteWorker.run(SuiteRunner.java:489)
at org.testng.internal.thread.ThreadUtil$1.call(ThreadUtil.java:52)
at java.util.concurrent.FutureTask.run(FutureTask.java:266)
at java.util.concurrent.ThreadPoolExecutor.runWorker(ThreadPoolExecutor.java:1149)
at java.util.concurrent.ThreadPoolExecutor$Worker.run(ThreadPoolExecutor.java:624)
at java.lang.Thread.run(Thread.java:748)
Caused by: java.lang.AssertionError: The following asserts failed:
Object Not Found photo_vid_xpath
at org.testng.asserts.SoftAssert.assertAll(SoftAssert.java:43)
at com.pge.hybrid.keywords.GenericKeywords.reportFailure(GenericKeywords.java:373)
at com.pge.hybrid.keywords.GenericKeywords.getObject(GenericKeywords.java:306)
at com.pge.hybrid.keywords.GenericKeywords.click(GenericKeywords.java:149)
... 26 more
]]>
    </error>
  </testcase> <!-- facebookLogin -->
  <testcase name="AppScanSite" time="37.356" classname="com.pge.hybrid.testcases.facebooksuite.FacebookTest"/>
</testsuite> <!-- com.pge.hybrid.testcases.facebooksuite.FacebookTest -->
