<!DOCTYPE html PUBLIC "-//W3C//DTD XHTML 1.1//EN" "http://www.w3.org/TR/xhtml11/DTD/xhtml11.dtd">
<html xmlns="http://www.w3.org/1999/xhtml">
<head>
<meta http-equiv="content-type" content="text/html; charset=UTF-8"/>
<title>TestNG Report</title>
<style type="text/css">table {margin-bottom:10px;border-collapse:collapse;empty-cells:show}th,td {border:1px solid #009;padding:.25em .5em}th {vertical-align:bottom}td {vertical-align:top}table a {font-weight:bold}.stripe td {background-color: #E6EBF9}.num {text-align:right}.passedodd td {background-color: #3F3}.passedeven td {background-color: #0A0}.skippedodd td {background-color: #DDD}.skippedeven td {background-color: #CCC}.failedodd td,.attn {background-color: #F33}.failedeven td,.stripe .attn {background-color: #D00}.stacktrace {white-space:pre;font-family:monospace}.totop {font-size:85%;text-align:center;border-bottom:2px solid #000}.invisible {display:none}</style>
</head>
<body>
<table>
<tr><th>Test</th><th># Passed</th><th># Skipped</th><th># Failed</th><th>Time (ms)</th><th>Included Groups</th><th>Excluded Groups</th></tr>
<tr><th colspan="7">Yahoo Suite</th></tr>
<tr><td><a href="#t0">Yahoo Sign up Test</a></td><td class="num">0</td><td class="num attn">1</td><td class="num">0</td><td class="num">5,475</td><td></td><td></td></tr>
<tr class="stripe"><td><a href="#t1">Yahoo Sign In Test</a></td><td class="num">0</td><td class="num">0</td><td class="num attn">1</td><td class="num">82,923</td><td></td><td></td></tr>
<tr><th colspan="7">My suite</th></tr>
<tr><th colspan="7">Gmail Suite</th></tr>
<tr><td><a href="#t2">Gmail Sign Up Test</a></td><td class="num">0</td><td class="num attn">2</td><td class="num">0</td><td class="num">5,673</td><td></td><td></td></tr>
<tr class="stripe"><td><a href="#t3">Gmail Sign In Test</a></td><td class="num">0</td><td class="num">0</td><td class="num attn">1</td><td class="num">47,501</td><td></td><td></td></tr>
<tr><th colspan="7">Facebook Suite</th></tr>
<tr><td><a href="#t4">Facebook File Upload</a></td><td class="num">0</td><td class="num attn">1</td><td class="num">0</td><td class="num">5,357</td><td></td><td></td></tr>
<tr class="stripe"><td><a href="#t5">Facebook Sign In Test</a></td><td class="num">1</td><td class="num attn">1</td><td class="num attn">1</td><td class="num">112,327</td><td></td><td></td></tr>
<tr><th>Total</th><th class="num">1</th><th class="num attn">5</th><th class="num attn">3</th><th class="num">259,256</th><th colspan="2"></th></tr>
</table>
<table id='summary'><thead><tr><th>Class</th><th>Method</th><th>Start</th><th>Time (ms)</th></tr></thead><tbody><tr><th colspan="4">Yahoo Suite</th></tr></tbody><tbody id="t0"><tr><th colspan="4">Yahoo Sign up Test &#8212; skipped</th></tr><tr class="skippedeven"><td rowspan="1">com.pge.hybrid.testcases.yahoosuite.YahooSignUp</td><td><a href="#m0">YahooSignUp</a></td><td rowspan="1">1547818665238</td><td rowspan="1">0</td></tr></tbody>
<tbody id="t1"><tr><th colspan="4">Yahoo Sign In Test &#8212; failed</th></tr><tr class="failedeven"><td rowspan="1">com.pge.hybrid.testcases.yahoosuite.YahooSignIn</td><td><a href="#m1">yahooSignIn</a></td><td rowspan="1">1547818664232</td><td rowspan="1">76887</td></tr></tbody>
<tbody><tr><th colspan="4">My suite</th></tr></tbody><tbody><tr><th colspan="4">Gmail Suite</th></tr></tbody><tbody id="t2"><tr><th colspan="4">Gmail Sign Up Test &#8212; skipped</th></tr><tr class="skippedeven"><td rowspan="2">com.pge.hybrid.testcases.gmailsuite.GmailSignUp</td><td><a href="#m2">GmailSignUp</a></td><td rowspan="2">1547818665464</td><td rowspan="2">0</td></tr><tr class="skippedeven"><td><a href="#m3">GmailSignUp</a></td></tr></tbody>
<tbody id="t3"><tr><th colspan="4">Gmail Sign In Test &#8212; failed</th></tr><tr class="failedeven"><td rowspan="1">com.pge.hybrid.testcases.gmailsuite.GmailLogin</td><td><a href="#m4">gmaillogin</a></td><td rowspan="1">1547818665599</td><td rowspan="1">40526</td></tr></tbody>
<tbody><tr><th colspan="4">Facebook Suite</th></tr></tbody><tbody id="t4"><tr><th colspan="4">Facebook File Upload &#8212; skipped</th></tr><tr class="skippedeven"><td rowspan="1">com.pge.hybrid.testcases.facebooksuite.UploadFiles</td><td><a href="#m5">UploadFile</a></td><td rowspan="1">1547818664232</td><td rowspan="1">16</td></tr></tbody>
<tbody id="t5"><tr><th colspan="4">Facebook Sign In Test &#8212; failed</th></tr><tr class="failedeven"><td rowspan="1">com.pge.hybrid.testcases.facebooksuite.FacebookTest</td><td><a href="#m6">facebookLogin</a></td><td rowspan="1">1547818665582</td><td rowspan="1">68747</td></tr><tr><th colspan="4">Facebook Sign In Test &#8212; skipped</th></tr><tr class="skippedeven"><td rowspan="1">com.pge.hybrid.testcases.facebooksuite.FacebookTest</td><td><a href="#m7">facebookLogin</a></td><td rowspan="1">1547818734899</td><td rowspan="1">0</td></tr><tr><th colspan="4">Facebook Sign In Test &#8212; passed</th></tr><tr class="passedeven"><td rowspan="1">com.pge.hybrid.testcases.facebooksuite.FacebookTest</td><td><a href="#m8">AppScanSite</a></td><td rowspan="1">1547818735028</td><td rowspan="1">36851</td></tr></tbody>
</table>
<h2>Yahoo Sign up Test</h2><h3 id="m0">com.pge.hybrid.testcases.yahoosuite.YahooSignUp#YahooSignUp</h3><table class="result"><tr class="param"><th>Parameter #1</th></tr><tr class="param stripe"><td>{Year=1986.0, LN=Sharma, FN=Shekhar, BirthMonth=May, Runmode=Y, Mobile=9.999999999E9, Email=sharmashekhar8686, Day=17.0, Browser=Chrome}</td></tr><tr><th>Exception</th></tr><tr><td><div class="stacktrace">org.testng.SkipException: Runmode is set to NO
	at com.pge.hybrid.testcases.yahoosuite.YahooSignUp.YahooSignUp(YahooSignUp.java:21)
	at java.util.concurrent.FutureTask.run(FutureTask.java:266)
	at java.util.concurrent.ThreadPoolExecutor.runWorker(ThreadPoolExecutor.java:1149)
	at java.util.concurrent.ThreadPoolExecutor$Worker.run(ThreadPoolExecutor.java:624)
	at java.lang.Thread.run(Thread.java:748)
... Removed 16 stack frames</div></td></tr></table><p class="totop"><a href="#summary">back to summary</a></p>
<h2>Yahoo Sign In Test</h2><h3 id="m1">com.pge.hybrid.testcases.yahoosuite.YahooSignIn#yahooSignIn</h3><table class="result"><tr class="param"><th>Parameter #1</th></tr><tr class="param stripe"><td>{Username=shekhar, url=https://login.yahoo.com/, Password=1234, Runmode=Y, Browser=Mozilla}</td></tr><tr><th>Exception</th></tr><tr><td><div class="stacktrace">java.lang.reflect.InvocationTargetException
	at com.pge.hybrid.driver.DriverScript.executeKeywords(DriverScript.java:47)
	at com.pge.hybrid.testcases.yahoosuite.YahooSignIn.yahooSignIn(YahooSignIn.java:23)
	at java.util.concurrent.FutureTask.run(FutureTask.java:266)
	at java.util.concurrent.ThreadPoolExecutor.runWorker(ThreadPoolExecutor.java:1149)
	at java.util.concurrent.ThreadPoolExecutor$Worker.run(ThreadPoolExecutor.java:624)
	at java.lang.Thread.run(Thread.java:748)
Caused by: java.lang.AssertionError: The following asserts failed:
	Object Not Found yahoo_pwd_id
	at com.pge.hybrid.keywords.GenericKeywords.reportFailure(GenericKeywords.java:373)
	at com.pge.hybrid.keywords.GenericKeywords.getObject(GenericKeywords.java:306)
	at com.pge.hybrid.keywords.AppKeywords.yahooLogin(AppKeywords.java:61)
	... 26 more
... Removed 21 stack frames</div></td></tr></table><p class="totop"><a href="#summary">back to summary</a></p>
<h2>Gmail Sign Up Test</h2><h3 id="m2">com.pge.hybrid.testcases.gmailsuite.GmailSignUp#GmailSignUp</h3><table class="result"><tr class="param"><th>Parameter #1</th></tr><tr class="param stripe"><td>{Runmode=Y, FN=Shekhar, LN=Sharma, Browser=Chrome}</td></tr><tr><th>Exception</th></tr><tr><td><div class="stacktrace">org.testng.SkipException: Runmode is set to NO
	at com.pge.hybrid.testcases.gmailsuite.GmailSignUp.GmailSignUp(GmailSignUp.java:21)
	at java.util.concurrent.FutureTask.run(FutureTask.java:266)
	at java.util.concurrent.ThreadPoolExecutor.runWorker(ThreadPoolExecutor.java:1149)
	at java.util.concurrent.ThreadPoolExecutor$Worker.run(ThreadPoolExecutor.java:624)
	at java.lang.Thread.run(Thread.java:748)
... Removed 16 stack frames</div></td></tr></table><p class="totop"><a href="#summary">back to summary</a></p>
<h3 id="m3">com.pge.hybrid.testcases.gmailsuite.GmailSignUp#GmailSignUp</h3><table class="result"><tr class="param"><th>Parameter #1</th></tr><tr class="param stripe"><td>{Runmode=Y, FN=Pankaj, LN=Jasrotia, Browser=Mozilla}</td></tr><tr><th>Exception</th></tr><tr><td><div class="stacktrace">org.testng.SkipException: Runmode is set to NO
	at com.pge.hybrid.testcases.gmailsuite.GmailSignUp.GmailSignUp(GmailSignUp.java:21)
	at java.util.concurrent.FutureTask.run(FutureTask.java:266)
	at java.util.concurrent.ThreadPoolExecutor.runWorker(ThreadPoolExecutor.java:1149)
	at java.util.concurrent.ThreadPoolExecutor$Worker.run(ThreadPoolExecutor.java:624)
	at java.lang.Thread.run(Thread.java:748)
... Removed 16 stack frames</div></td></tr></table><p class="totop"><a href="#summary">back to summary</a></p>
<h2>Gmail Sign In Test</h2><h3 id="m4">com.pge.hybrid.testcases.gmailsuite.GmailLogin#gmaillogin</h3><table class="result"><tr class="param"><th>Parameter #1</th></tr><tr class="param stripe"><td>{Username=sharmashekhar86, ExpectedResult=Loginsuccess, url=https://www.google.com/intl/en-GB/gmail/about/#, Password=hello, Runmode=Y, Browser=Chrome}</td></tr><tr><th>Exception</th></tr><tr><td><div class="stacktrace">java.lang.reflect.InvocationTargetException
	at com.pge.hybrid.driver.DriverScript.executeKeywords(DriverScript.java:47)
	at com.pge.hybrid.testcases.gmailsuite.GmailLogin.gmaillogin(GmailLogin.java:23)
	at java.util.concurrent.FutureTask.run(FutureTask.java:266)
	at java.util.concurrent.ThreadPoolExecutor.runWorker(ThreadPoolExecutor.java:1149)
	at java.util.concurrent.ThreadPoolExecutor$Worker.run(ThreadPoolExecutor.java:624)
	at java.lang.Thread.run(Thread.java:748)
Caused by: java.lang.AssertionError: The following asserts failed:
	Object Not Found signin_xpath
	at com.pge.hybrid.keywords.GenericKeywords.reportFailure(GenericKeywords.java:373)
	at com.pge.hybrid.keywords.GenericKeywords.getObject(GenericKeywords.java:306)
	at com.pge.hybrid.keywords.GenericKeywords.click(GenericKeywords.java:149)
	... 26 more
... Removed 21 stack frames</div></td></tr></table><p class="totop"><a href="#summary">back to summary</a></p>
<h2>Facebook File Upload</h2><h3 id="m5">com.pge.hybrid.testcases.facebooksuite.UploadFiles#UploadFile</h3><table class="result"><tr class="param"><th>Parameter #1</th></tr><tr class="param stripe"><td>{Username=, ExpectedResult=, url=https://imgur.com/upload, filePath=C:\\HybridFramework\\HybridFramework\\Files\\FileUpload.exe, Password=, Runmode=Y, Browser=Chrome}</td></tr><tr><th>Exception</th></tr><tr><td><div class="stacktrace">org.testng.SkipException: Runmode is set to NO
	at com.pge.hybrid.testcases.facebooksuite.UploadFiles.UploadFile(UploadFiles.java:23)
	at java.util.concurrent.FutureTask.run(FutureTask.java:266)
	at java.util.concurrent.ThreadPoolExecutor.runWorker(ThreadPoolExecutor.java:1149)
	at java.util.concurrent.ThreadPoolExecutor$Worker.run(ThreadPoolExecutor.java:624)
	at java.lang.Thread.run(Thread.java:748)
... Removed 16 stack frames</div></td></tr></table><p class="totop"><a href="#summary">back to summary</a></p>
<h2>Facebook Sign In Test</h2><h3 id="m6">com.pge.hybrid.testcases.facebooksuite.FacebookTest#facebookLogin</h3><table class="result"><tr class="param"><th>Parameter #1</th></tr><tr class="param stripe"><td>{Username=shekhar_20_nice@yahoo.co.in, ExpectedResult=Success, url=https://www.facebook.com, filePath=C:\\HybridFramework\\HybridFramework\\Files\\FileUpload.exe, Password=, Runmode=Y, Browser=Chrome}</td></tr><tr><th>Exception</th></tr><tr><td><div class="stacktrace">java.lang.reflect.InvocationTargetException
	at com.pge.hybrid.driver.DriverScript.executeKeywords(DriverScript.java:47)
	at com.pge.hybrid.testcases.facebooksuite.FacebookTest.facebookLogin(FacebookTest.java:24)
	at java.util.concurrent.FutureTask.run(FutureTask.java:266)
	at java.util.concurrent.ThreadPoolExecutor.runWorker(ThreadPoolExecutor.java:1149)
	at java.util.concurrent.ThreadPoolExecutor$Worker.run(ThreadPoolExecutor.java:624)
	at java.lang.Thread.run(Thread.java:748)
Caused by: java.lang.AssertionError: The following asserts failed:
	Object Not Found photo_vid_xpath
	at com.pge.hybrid.keywords.GenericKeywords.reportFailure(GenericKeywords.java:373)
	at com.pge.hybrid.keywords.GenericKeywords.getObject(GenericKeywords.java:306)
	at com.pge.hybrid.keywords.GenericKeywords.click(GenericKeywords.java:149)
	... 26 more
... Removed 21 stack frames</div></td></tr></table><p class="totop"><a href="#summary">back to summary</a></p>
<h3 id="m7">com.pge.hybrid.testcases.facebooksuite.FacebookTest#facebookLogin</h3><table class="result"><tr class="param"><th>Parameter #1</th></tr><tr class="param stripe"><td>{Username=shekhar_20_nice@yahoo.co.in, ExpectedResult=Success, url=https://www.facebook.com, filePath=C:\\HybridFramework\\HybridFramework\\Files\\FileUpload.exe, Password=, Runmode=N, Browser=IE}</td></tr><tr><th>Exception</th></tr><tr><td><div class="stacktrace">org.testng.SkipException: Runmode is set to NO
	at com.pge.hybrid.testcases.facebooksuite.FacebookTest.facebookLogin(FacebookTest.java:22)
	at java.util.concurrent.FutureTask.run(FutureTask.java:266)
	at java.util.concurrent.ThreadPoolExecutor.runWorker(ThreadPoolExecutor.java:1149)
	at java.util.concurrent.ThreadPoolExecutor$Worker.run(ThreadPoolExecutor.java:624)
	at java.lang.Thread.run(Thread.java:748)
... Removed 16 stack frames</div></td></tr></table><p class="totop"><a href="#summary">back to summary</a></p>
<h3 id="m8">com.pge.hybrid.testcases.facebooksuite.FacebookTest#AppScanSite</h3><table class="result"><tr class="param"><th>Parameter #1</th></tr><tr class="param stripe"><td>{Username=jsmith, url=http://demo.testfire.net/, Password=demo1234, Runmode=Y, Browser=Chrome}</td></tr></table><p class="totop"><a href="#summary">back to summary</a></p>
</body>
</html>
