<?xml version="1.0" encoding="UTF-8"?>
<!-- Generated by org.testng.reporters.JUnitXMLReporter -->
<testsuite hostname="DESKTOP-84KGOP9" ignored="0" name="Yahoo Sign up Test" tests="1" failures="1" timestamp="28 Nov 2018 12:49:56 GMT" time="3.094" errors="0">
  <testcase name="YahooSignUp" time="0.079" classname="com.pge.hybrid.testcases.yahoosuite.YahooSignUp">
    <failure type="java.lang.NoSuchMethodException" message="com.pge.hybrid.keywords.AppKeywords.()">
      <![CDATA[java.lang.NoSuchMethodException: com.pge.hybrid.keywords.AppKeywords.()
at java.lang.Class.getMethod(Class.java:1786)
at com.pge.hybrid.driver.DriverScript.executeKeywords(DriverScript.java:46)
at com.pge.hybrid.testcases.yahoosuite.YahooSignUp.YahooSignUp(YahooSignUp.java:23)
at java.util.concurrent.FutureTask.run(FutureTask.java:266)
at java.util.concurrent.ThreadPoolExecutor.runWorker(ThreadPoolExecutor.java:1149)
at java.util.concurrent.ThreadPoolExecutor$Worker.run(ThreadPoolExecutor.java:624)
at java.lang.Thread.run(Thread.java:748)
... Removed 16 stack frames]]>
    </failure>
  </testcase> <!-- YahooSignUp -->
</testsuite> <!-- Yahoo Sign up Test -->
